0 info it worked if it ends with ok
1 verbose cli [ '/usr/bin/nodejs',
1 verbose cli   '/usr/bin/npm',
1 verbose cli   'install',
1 verbose cli   'node-curl',
1 verbose cli   '-save' ]
2 info using npm@3.10.10
3 info using node@v6.10.1
4 silly loadCurrentTree Starting
5 silly install loadCurrentTree
6 silly install readLocalPackageData
7 silly fetchPackageMetaData node-curl
8 silly fetchNamedPackageData node-curl
9 silly mapToRegistry name node-curl
10 silly mapToRegistry using default registry
11 silly mapToRegistry registry https://registry.npmjs.org/
12 silly mapToRegistry data Result {
12 silly mapToRegistry   raw: 'node-curl',
12 silly mapToRegistry   scope: null,
12 silly mapToRegistry   escapedName: 'node-curl',
12 silly mapToRegistry   name: 'node-curl',
12 silly mapToRegistry   rawSpec: '',
12 silly mapToRegistry   spec: 'latest',
12 silly mapToRegistry   type: 'tag' }
13 silly mapToRegistry uri https://registry.npmjs.org/node-curl
14 verbose request uri https://registry.npmjs.org/node-curl
15 verbose request no auth needed
16 info attempt registry request try #1 at 11:38:26 PM
17 verbose request id a24011832708201c
18 verbose etag W/"58831991-505e"
19 verbose lastModified Sat, 21 Jan 2017 08:19:29 GMT
20 http request GET https://registry.npmjs.org/node-curl
21 http 304 https://registry.npmjs.org/node-curl
22 verbose headers { date: 'Sun, 26 Mar 2017 18:08:26 GMT',
22 verbose headers   via: '1.1 varnish',
22 verbose headers   'cache-control': 'max-age=300',
22 verbose headers   etag: 'W/"58831991-505e"',
22 verbose headers   age: '194',
22 verbose headers   connection: 'keep-alive',
22 verbose headers   'x-served-by': 'cache-sin18028-SIN',
22 verbose headers   'x-cache': 'HIT',
22 verbose headers   'x-cache-hits': '1',
22 verbose headers   'x-timer': 'S1490551706.955044,VS0,VE0',
22 verbose headers   vary: 'Accept-Encoding' }
23 silly get cb [ 304,
23 silly get   { date: 'Sun, 26 Mar 2017 18:08:26 GMT',
23 silly get     via: '1.1 varnish',
23 silly get     'cache-control': 'max-age=300',
23 silly get     etag: 'W/"58831991-505e"',
23 silly get     age: '194',
23 silly get     connection: 'keep-alive',
23 silly get     'x-served-by': 'cache-sin18028-SIN',
23 silly get     'x-cache': 'HIT',
23 silly get     'x-cache-hits': '1',
23 silly get     'x-timer': 'S1490551706.955044,VS0,VE0',
23 silly get     vary: 'Accept-Encoding' } ]
24 verbose etag https://registry.npmjs.org/node-curl from cache
25 verbose get saving node-curl to /home/smtt/.npm/registry.npmjs.org/node-curl/.cache.json
26 verbose correctMkdir /home/smtt/.npm correctMkdir not in flight; initializing
27 silly install normalizeTree
28 silly loadCurrentTree Finishing
29 silly loadIdealTree Starting
30 silly install loadIdealTree
31 silly cloneCurrentTree Starting
32 silly install cloneCurrentTreeToIdealTree
33 silly cloneCurrentTree Finishing
34 silly loadShrinkwrap Starting
35 silly install loadShrinkwrap
36 silly loadShrinkwrap Finishing
37 silly loadAllDepsIntoIdealTree Starting
38 silly install loadAllDepsIntoIdealTree
39 silly resolveWithNewModule node-curl@0.3.3 checking installable status
40 silly cache add args [ 'node-curl', null ]
41 verbose cache add spec node-curl
42 silly cache add parsed spec Result {
42 silly cache add   raw: 'node-curl',
42 silly cache add   scope: null,
42 silly cache add   escapedName: 'node-curl',
42 silly cache add   name: 'node-curl',
42 silly cache add   rawSpec: '',
42 silly cache add   spec: 'latest',
42 silly cache add   type: 'tag' }
43 silly addNamed node-curl@latest
44 verbose addNamed "latest" is being treated as a dist-tag for node-curl
45 info addNameTag [ 'node-curl', 'latest' ]
46 silly mapToRegistry name node-curl
47 silly mapToRegistry using default registry
48 silly mapToRegistry registry https://registry.npmjs.org/
49 silly mapToRegistry data Result {
49 silly mapToRegistry   raw: 'node-curl',
49 silly mapToRegistry   scope: null,
49 silly mapToRegistry   escapedName: 'node-curl',
49 silly mapToRegistry   name: 'node-curl',
49 silly mapToRegistry   rawSpec: '',
49 silly mapToRegistry   spec: 'latest',
49 silly mapToRegistry   type: 'tag' }
50 silly mapToRegistry uri https://registry.npmjs.org/node-curl
51 verbose addNameTag registry:https://registry.npmjs.org/node-curl not in flight; fetching
52 verbose get https://registry.npmjs.org/node-curl not expired, no request
53 silly addNameTag next cb for node-curl with tag latest
54 silly addNamed node-curl@0.3.3
55 verbose addNamed "0.3.3" is a plain semver version for node-curl
56 silly cache afterAdd node-curl@0.3.3
57 verbose afterAdd /home/smtt/.npm/node-curl/0.3.3/package/package.json not in flight; writing
58 verbose correctMkdir /home/smtt/.npm correctMkdir not in flight; initializing
59 verbose afterAdd /home/smtt/.npm/node-curl/0.3.3/package/package.json written
60 silly fetchNamedPackageData fsevents
61 silly mapToRegistry name fsevents
62 silly mapToRegistry using default registry
63 silly mapToRegistry registry https://registry.npmjs.org/
64 silly mapToRegistry data Result {
64 silly mapToRegistry   raw: 'fsevents',
64 silly mapToRegistry   scope: null,
64 silly mapToRegistry   escapedName: 'fsevents',
64 silly mapToRegistry   name: 'fsevents',
64 silly mapToRegistry   rawSpec: '',
64 silly mapToRegistry   spec: 'latest',
64 silly mapToRegistry   type: 'tag' }
65 silly mapToRegistry uri https://registry.npmjs.org/fsevents
66 verbose request uri https://registry.npmjs.org/fsevents
67 verbose request no auth needed
68 info attempt registry request try #1 at 11:38:27 PM
69 verbose etag W/"58cbe1d5-d5e6"
70 verbose lastModified Fri, 17 Mar 2017 13:17:09 GMT
71 http request GET https://registry.npmjs.org/fsevents
72 http 304 https://registry.npmjs.org/fsevents
73 verbose headers { date: 'Sun, 26 Mar 2017 18:08:27 GMT',
73 verbose headers   via: '1.1 varnish',
73 verbose headers   'cache-control': 'max-age=300',
73 verbose headers   etag: 'W/"58cbe1d5-d5e6"',
73 verbose headers   age: '106',
73 verbose headers   connection: 'keep-alive',
73 verbose headers   'x-served-by': 'cache-sin18028-SIN',
73 verbose headers   'x-cache': 'HIT',
73 verbose headers   'x-cache-hits': '4',
73 verbose headers   'x-timer': 'S1490551707.595949,VS0,VE0',
73 verbose headers   vary: 'Accept-Encoding' }
74 silly get cb [ 304,
74 silly get   { date: 'Sun, 26 Mar 2017 18:08:27 GMT',
74 silly get     via: '1.1 varnish',
74 silly get     'cache-control': 'max-age=300',
74 silly get     etag: 'W/"58cbe1d5-d5e6"',
74 silly get     age: '106',
74 silly get     connection: 'keep-alive',
74 silly get     'x-served-by': 'cache-sin18028-SIN',
74 silly get     'x-cache': 'HIT',
74 silly get     'x-cache-hits': '4',
74 silly get     'x-timer': 'S1490551707.595949,VS0,VE0',
74 silly get     vary: 'Accept-Encoding' } ]
75 verbose etag https://registry.npmjs.org/fsevents from cache
76 verbose get saving fsevents to /home/smtt/.npm/registry.npmjs.org/fsevents/.cache.json
77 verbose correctMkdir /home/smtt/.npm correctMkdir not in flight; initializing
78 silly resolveWithNewModule fsevents@1.1.1 checking installable status
79 silly loadAllDepsIntoIdealTree Finishing
80 silly loadIdealTree Finishing
81 silly currentTree hello-react@1.0.0
81 silly currentTree ├── accepts@1.3.3
81 silly currentTree ├── acorn@4.0.11
81 silly currentTree ├── align-text@0.1.4
81 silly currentTree ├── amdefine@1.0.1
81 silly currentTree ├── ansi-regex@2.1.1
81 silly currentTree ├── ansi-styles@2.2.1
81 silly currentTree ├── anymatch@1.3.0
81 silly currentTree ├── arr-diff@2.0.0
81 silly currentTree ├── arr-flatten@1.0.1
81 silly currentTree ├── array-flatten@1.1.1
81 silly currentTree ├── array-unique@0.2.1
81 silly currentTree ├── arrify@1.0.1
81 silly currentTree ├── asap@2.0.5
81 silly currentTree ├── assert@1.4.1
81 silly currentTree ├── ast-types@0.9.6
81 silly currentTree ├── async-each@1.0.1
81 silly currentTree ├── async@1.5.2
81 silly currentTree ├── axios@0.15.3
81 silly currentTree ├── babel-code-frame@6.22.0
81 silly currentTree ├─┬ babel-core@6.5.1
81 silly currentTree │ ├── minimatch@2.0.10
81 silly currentTree │ └── source-map@0.5.6
81 silly currentTree ├─┬ babel-generator@6.24.0
81 silly currentTree │ ├── babel-runtime@6.23.0
81 silly currentTree │ ├── core-js@2.4.1
81 silly currentTree │ ├── lodash@4.17.4
81 silly currentTree │ └── source-map@0.5.6
81 silly currentTree ├─┬ babel-helper-bindify-decorators@6.22.0
81 silly currentTree │ ├── babel-runtime@6.23.0
81 silly currentTree │ └── core-js@2.4.1
81 silly currentTree ├─┬ babel-helper-builder-binary-assignment-operator-visitor@6.22.0
81 silly currentTree │ ├── babel-runtime@6.23.0
81 silly currentTree │ └── core-js@2.4.1
81 silly currentTree ├─┬ babel-helper-builder-react-jsx@6.23.0
81 silly currentTree │ ├── babel-runtime@6.23.0
81 silly currentTree │ ├── core-js@2.4.1
81 silly currentTree │ └── lodash@4.17.4
81 silly currentTree ├─┬ babel-helper-call-delegate@6.22.0
81 silly currentTree │ ├── babel-runtime@6.23.0
81 silly currentTree │ └── core-js@2.4.1
81 silly currentTree ├─┬ babel-helper-define-map@6.23.0
81 silly currentTree │ ├── babel-runtime@6.23.0
81 silly currentTree │ ├── core-js@2.4.1
81 silly currentTree │ └── lodash@4.17.4
81 silly currentTree ├─┬ babel-helper-explode-assignable-expression@6.22.0
81 silly currentTree │ ├── babel-runtime@6.23.0
81 silly currentTree │ └── core-js@2.4.1
81 silly currentTree ├─┬ babel-helper-explode-class@6.22.0
81 silly currentTree │ ├── babel-runtime@6.23.0
81 silly currentTree │ └── core-js@2.4.1
81 silly currentTree ├─┬ babel-helper-function-name@6.23.0
81 silly currentTree │ ├── babel-runtime@6.23.0
81 silly currentTree │ └── core-js@2.4.1
81 silly currentTree ├─┬ babel-helper-get-function-arity@6.22.0
81 silly currentTree │ ├── babel-runtime@6.23.0
81 silly currentTree │ └── core-js@2.4.1
81 silly currentTree ├─┬ babel-helper-hoist-variables@6.22.0
81 silly currentTree │ ├── babel-runtime@6.23.0
81 silly currentTree │ └── core-js@2.4.1
81 silly currentTree ├─┬ babel-helper-optimise-call-expression@6.23.0
81 silly currentTree │ ├── babel-runtime@6.23.0
81 silly currentTree │ └── core-js@2.4.1
81 silly currentTree ├─┬ babel-helper-regex@6.22.0
81 silly currentTree │ ├── babel-runtime@6.23.0
81 silly currentTree │ ├── core-js@2.4.1
81 silly currentTree │ └── lodash@4.17.4
81 silly currentTree ├─┬ babel-helper-remap-async-to-generator@6.22.0
81 silly currentTree │ ├── babel-runtime@6.23.0
81 silly currentTree │ └── core-js@2.4.1
81 silly currentTree ├─┬ babel-helper-replace-supers@6.23.0
81 silly currentTree │ ├── babel-runtime@6.23.0
81 silly currentTree │ └── core-js@2.4.1
81 silly currentTree ├─┬ babel-helpers@6.23.0
81 silly currentTree │ ├── babel-runtime@6.23.0
81 silly currentTree │ └── core-js@2.4.1
81 silly currentTree ├─┬ babel-loader@6.2.2
81 silly currentTree │ └── object-assign@4.1.1
81 silly currentTree ├─┬ babel-messages@6.23.0
81 silly currentTree │ ├── babel-runtime@6.23.0
81 silly currentTree │ └── core-js@2.4.1
81 silly currentTree ├─┬ babel-plugin-check-es2015-constants@6.22.0
81 silly currentTree │ ├── babel-runtime@6.23.0
81 silly currentTree │ └── core-js@2.4.1
81 silly currentTree ├── babel-plugin-syntax-async-functions@6.13.0
81 silly currentTree ├── babel-plugin-syntax-async-generators@6.13.0
81 silly currentTree ├── babel-plugin-syntax-class-constructor-call@6.18.0
81 silly currentTree ├── babel-plugin-syntax-class-properties@6.13.0
81 silly currentTree ├── babel-plugin-syntax-decorators@6.13.0
81 silly currentTree ├── babel-plugin-syntax-do-expressions@6.13.0
81 silly currentTree ├── babel-plugin-syntax-dynamic-import@6.18.0
81 silly currentTree ├── babel-plugin-syntax-exponentiation-operator@6.13.0
81 silly currentTree ├── babel-plugin-syntax-export-extensions@6.13.0
81 silly currentTree ├── babel-plugin-syntax-flow@6.18.0
81 silly currentTree ├── babel-plugin-syntax-function-bind@6.13.0
81 silly currentTree ├── babel-plugin-syntax-jsx@6.18.0
81 silly currentTree ├── babel-plugin-syntax-object-rest-spread@6.13.0
81 silly currentTree ├── babel-plugin-syntax-trailing-function-commas@6.22.0
81 silly currentTree ├─┬ babel-plugin-transform-async-generator-functions@6.22.0
81 silly currentTree │ ├── babel-runtime@6.23.0
81 silly currentTree │ └── core-js@2.4.1
81 silly currentTree ├─┬ babel-plugin-transform-async-to-generator@6.22.0
81 silly currentTree │ ├── babel-runtime@6.23.0
81 silly currentTree │ └── core-js@2.4.1
81 silly currentTree ├─┬ babel-plugin-transform-class-constructor-call@6.22.0
81 silly currentTree │ ├── babel-runtime@6.23.0
81 silly currentTree │ └── core-js@2.4.1
81 silly currentTree ├─┬ babel-plugin-transform-class-properties@6.23.0
81 silly currentTree │ ├── babel-runtime@6.23.0
81 silly currentTree │ └── core-js@2.4.1
81 silly currentTree ├─┬ babel-plugin-transform-decorators@6.22.0
81 silly currentTree │ ├── babel-runtime@6.23.0
81 silly currentTree │ └── core-js@2.4.1
81 silly currentTree ├─┬ babel-plugin-transform-do-expressions@6.22.0
81 silly currentTree │ ├── babel-runtime@6.23.0
81 silly currentTree │ └── core-js@2.4.1
81 silly currentTree ├─┬ babel-plugin-transform-es2015-arrow-functions@6.22.0
81 silly currentTree │ ├── babel-runtime@6.23.0
81 silly currentTree │ └── core-js@2.4.1
81 silly currentTree ├─┬ babel-plugin-transform-es2015-block-scoped-functions@6.22.0
81 silly currentTree │ ├── babel-runtime@6.23.0
81 silly currentTree │ └── core-js@2.4.1
81 silly currentTree ├─┬ babel-plugin-transform-es2015-block-scoping@6.23.0
81 silly currentTree │ ├── babel-runtime@6.23.0
81 silly currentTree │ ├── core-js@2.4.1
81 silly currentTree │ └── lodash@4.17.4
81 silly currentTree ├─┬ babel-plugin-transform-es2015-classes@6.23.0
81 silly currentTree │ ├── babel-runtime@6.23.0
81 silly currentTree │ └── core-js@2.4.1
81 silly currentTree ├─┬ babel-plugin-transform-es2015-computed-properties@6.22.0
81 silly currentTree │ ├── babel-runtime@6.23.0
81 silly currentTree │ └── core-js@2.4.1
81 silly currentTree ├─┬ babel-plugin-transform-es2015-destructuring@6.23.0
81 silly currentTree │ ├── babel-runtime@6.23.0
81 silly currentTree │ └── core-js@2.4.1
81 silly currentTree ├─┬ babel-plugin-transform-es2015-for-of@6.23.0
81 silly currentTree │ ├── babel-runtime@6.23.0
81 silly currentTree │ └── core-js@2.4.1
81 silly currentTree ├─┬ babel-plugin-transform-es2015-function-name@6.22.0
81 silly currentTree │ ├── babel-runtime@6.23.0
81 silly currentTree │ └── core-js@2.4.1
81 silly currentTree ├─┬ babel-plugin-transform-es2015-literals@6.22.0
81 silly currentTree │ ├── babel-runtime@6.23.0
81 silly currentTree │ └── core-js@2.4.1
81 silly currentTree ├─┬ babel-plugin-transform-es2015-modules-commonjs@6.24.0
81 silly currentTree │ ├── babel-runtime@6.23.0
81 silly currentTree │ └── core-js@2.4.1
81 silly currentTree ├─┬ babel-plugin-transform-es2015-object-super@6.22.0
81 silly currentTree │ ├── babel-runtime@6.23.0
81 silly currentTree │ └── core-js@2.4.1
81 silly currentTree ├─┬ babel-plugin-transform-es2015-parameters@6.23.0
81 silly currentTree │ ├── babel-runtime@6.23.0
81 silly currentTree │ └── core-js@2.4.1
81 silly currentTree ├─┬ babel-plugin-transform-es2015-shorthand-properties@6.22.0
81 silly currentTree │ ├── babel-runtime@6.23.0
81 silly currentTree │ └── core-js@2.4.1
81 silly currentTree ├─┬ babel-plugin-transform-es2015-spread@6.22.0
81 silly currentTree │ ├── babel-runtime@6.23.0
81 silly currentTree │ └── core-js@2.4.1
81 silly currentTree ├─┬ babel-plugin-transform-es2015-sticky-regex@6.22.0
81 silly currentTree │ ├── babel-runtime@6.23.0
81 silly currentTree │ └── core-js@2.4.1
81 silly currentTree ├─┬ babel-plugin-transform-es2015-template-literals@6.22.0
81 silly currentTree │ ├── babel-runtime@6.23.0
81 silly currentTree │ └── core-js@2.4.1
81 silly currentTree ├─┬ babel-plugin-transform-es2015-typeof-symbol@6.23.0
81 silly currentTree │ ├── babel-runtime@6.23.0
81 silly currentTree │ └── core-js@2.4.1
81 silly currentTree ├─┬ babel-plugin-transform-es2015-unicode-regex@6.22.0
81 silly currentTree │ ├── babel-runtime@6.23.0
81 silly currentTree │ └── core-js@2.4.1
81 silly currentTree ├─┬ babel-plugin-transform-exponentiation-operator@6.22.0
81 silly currentTree │ ├── babel-runtime@6.23.0
81 silly currentTree │ └── core-js@2.4.1
81 silly currentTree ├─┬ babel-plugin-transform-export-extensions@6.22.0
81 silly currentTree │ ├── babel-runtime@6.23.0
81 silly currentTree │ └── core-js@2.4.1
81 silly currentTree ├─┬ babel-plugin-transform-flow-strip-types@6.22.0
81 silly currentTree │ ├── babel-runtime@6.23.0
81 silly currentTree │ └── core-js@2.4.1
81 silly currentTree ├─┬ babel-plugin-transform-function-bind@6.22.0
81 silly currentTree │ ├── babel-runtime@6.23.0
81 silly currentTree │ └── core-js@2.4.1
81 silly currentTree ├─┬ babel-plugin-transform-object-rest-spread@6.23.0
81 silly currentTree │ ├── babel-runtime@6.23.0
81 silly currentTree │ └── core-js@2.4.1
81 silly currentTree ├─┬ babel-plugin-transform-react-display-name@6.23.0
81 silly currentTree │ ├── babel-runtime@6.23.0
81 silly currentTree │ └── core-js@2.4.1
81 silly currentTree ├─┬ babel-plugin-transform-react-jsx-source@6.22.0
81 silly currentTree │ ├── babel-runtime@6.23.0
81 silly currentTree │ └── core-js@2.4.1
81 silly currentTree ├─┬ babel-plugin-transform-react-jsx@6.23.0
81 silly currentTree │ ├── babel-runtime@6.23.0
81 silly currentTree │ └── core-js@2.4.1
81 silly currentTree ├── babel-plugin-transform-regenerator@6.22.0
81 silly currentTree ├─┬ babel-plugin-transform-strict-mode@6.22.0
81 silly currentTree │ ├── babel-runtime@6.23.0
81 silly currentTree │ └── core-js@2.4.1
81 silly currentTree ├── babel-preset-es2015@6.5.0
81 silly currentTree ├── babel-preset-react@6.5.0
81 silly currentTree ├── babel-preset-stage-0@6.22.0
81 silly currentTree ├── babel-preset-stage-1@6.22.0
81 silly currentTree ├── babel-preset-stage-2@6.22.0
81 silly currentTree ├── babel-preset-stage-3@6.22.0
81 silly currentTree ├─┬ babel-register@6.24.0
81 silly currentTree │ ├── babel-core@6.24.0
81 silly currentTree │ ├── babel-runtime@6.23.0
81 silly currentTree │ ├── core-js@2.4.1
81 silly currentTree │ ├── json5@0.5.1
81 silly currentTree │ ├── lodash@4.17.4
81 silly currentTree │ └── source-map@0.5.6
81 silly currentTree ├── babel-runtime@5.8.38
81 silly currentTree ├─┬ babel-template@6.23.0
81 silly currentTree │ ├── babel-runtime@6.23.0
81 silly currentTree │ ├── core-js@2.4.1
81 silly currentTree │ └── lodash@4.17.4
81 silly currentTree ├─┬ babel-traverse@6.23.1
81 silly currentTree │ ├── babel-runtime@6.23.0
81 silly currentTree │ ├── core-js@2.4.1
81 silly currentTree │ └── lodash@4.17.4
81 silly currentTree ├─┬ babel-types@6.23.0
81 silly currentTree │ ├── babel-runtime@6.23.0
81 silly currentTree │ ├── core-js@2.4.1
81 silly currentTree │ └── lodash@4.17.4
81 silly currentTree ├── babylon@6.16.1
81 silly currentTree ├── balanced-match@0.4.2
81 silly currentTree ├── base62@1.1.2
81 silly currentTree ├── base64-js@1.2.0
81 silly currentTree ├── Base64@0.2.1
81 silly currentTree ├── big.js@3.1.3
81 silly currentTree ├── binary-extensions@1.8.0
81 silly currentTree ├── brace-expansion@1.1.6
81 silly currentTree ├── braces@1.8.5
81 silly currentTree ├── browserify-zlib@0.1.4
81 silly currentTree ├── buffer-shims@1.0.0
81 silly currentTree ├── buffer@4.9.1
81 silly currentTree ├── camelcase@1.2.1
81 silly currentTree ├── center-align@0.1.3
81 silly currentTree ├── chalk@1.1.3
81 silly currentTree ├── chokidar@1.6.1
81 silly currentTree ├── classnames@2.2.5
81 silly currentTree ├─┬ cliui@2.1.0
81 silly currentTree │ └── wordwrap@0.0.2
81 silly currentTree ├── clone@1.0.2
81 silly currentTree ├── commander@2.9.0
81 silly currentTree ├── commoner@0.10.8
81 silly currentTree ├── concat-map@0.0.1
81 silly currentTree ├── console-browserify@1.1.0
81 silly currentTree ├── constants-browserify@0.0.1
81 silly currentTree ├── content-disposition@0.5.2
81 silly currentTree ├── content-type@1.0.2
81 silly currentTree ├── convert-source-map@1.4.0
81 silly currentTree ├── cookie-signature@1.0.6
81 silly currentTree ├── cookie@0.3.1
81 silly currentTree ├── core-js@1.2.7
81 silly currentTree ├── core-util-is@1.0.2
81 silly currentTree ├── crypto-browserify@3.2.8
81 silly currentTree ├── date-now@0.1.4
81 silly currentTree ├── debug@2.6.1
81 silly currentTree ├── decamelize@1.2.0
81 silly currentTree ├── deep-equal@1.0.1
81 silly currentTree ├── defined@1.0.0
81 silly currentTree ├── depd@1.1.0
81 silly currentTree ├── destroy@1.0.4
81 silly currentTree ├── detect-indent@4.0.0
81 silly currentTree ├── detective@4.5.0
81 silly currentTree ├── dom-helpers@3.2.1
81 silly currentTree ├── domain-browser@1.1.7
81 silly currentTree ├── ee-first@1.1.1
81 silly currentTree ├── emojis-list@2.1.0
81 silly currentTree ├── encodeurl@1.0.1
81 silly currentTree ├─┬ enhanced-resolve@0.9.1
81 silly currentTree │ └── memory-fs@0.2.0
81 silly currentTree ├── envify@3.4.1
81 silly currentTree ├── errno@0.1.4
81 silly currentTree ├── escape-html@1.0.3
81 silly currentTree ├── escape-string-regexp@1.0.5
81 silly currentTree ├── esprima-fb@15001.1.0-dev-harmony-fb
81 silly currentTree ├── esutils@2.0.2
81 silly currentTree ├── etag@1.8.0
81 silly currentTree ├── events@1.1.1
81 silly currentTree ├── expand-brackets@0.1.5
81 silly currentTree ├── expand-range@1.8.2
81 silly currentTree ├── express@4.15.2
81 silly currentTree ├── extglob@0.3.2
81 silly currentTree ├── fbjs@0.6.1
81 silly currentTree ├── filename-regex@2.0.0
81 silly currentTree ├── fill-range@2.2.3
81 silly currentTree ├── finalhandler@1.0.0
81 silly currentTree ├── follow-redirects@1.0.0
81 silly currentTree ├── for-in@1.0.2
81 silly currentTree ├── for-own@0.1.5
81 silly currentTree ├── forwarded@0.1.0
81 silly currentTree ├── fresh@0.5.0
81 silly currentTree ├── glob-base@0.3.0
81 silly currentTree ├── glob-parent@2.0.0
81 silly currentTree ├── glob@5.0.15
81 silly currentTree ├── globals@9.17.0
81 silly currentTree ├── graceful-fs@4.1.11
81 silly currentTree ├── graceful-readlink@1.0.1
81 silly currentTree ├── has-ansi@2.0.0
81 silly currentTree ├── has-flag@1.0.0
81 silly currentTree ├── history@2.1.2
81 silly currentTree ├── home-or-tmp@2.0.0
81 silly currentTree ├── http-browserify@1.7.0
81 silly currentTree ├── http-errors@1.6.1
81 silly currentTree ├── https-browserify@0.0.0
81 silly currentTree ├── iconv-lite@0.4.15
81 silly currentTree ├── ieee754@1.1.8
81 silly currentTree ├── indexof@0.0.1
81 silly currentTree ├── inflight@1.0.6
81 silly currentTree ├── inherits@2.0.3
81 silly currentTree ├── interpret@0.6.6
81 silly currentTree ├── invariant@2.2.2
81 silly currentTree ├── ipaddr.js@1.2.0
81 silly currentTree ├── is-binary-path@1.0.1
81 silly currentTree ├── is-buffer@1.1.5
81 silly currentTree ├── is-dotfile@1.0.2
81 silly currentTree ├── is-equal-shallow@0.1.3
81 silly currentTree ├── is-extendable@0.1.1
81 silly currentTree ├── is-extglob@1.0.0
81 silly currentTree ├── is-finite@1.0.2
81 silly currentTree ├── is-glob@2.0.1
81 silly currentTree ├── is-number@2.1.0
81 silly currentTree ├── is-posix-bracket@0.1.1
81 silly currentTree ├── is-primitive@2.0.0
81 silly currentTree ├── isarray@1.0.0
81 silly currentTree ├── isobject@2.1.0
81 silly currentTree ├── js-tokens@3.0.1
81 silly currentTree ├── jsesc@1.3.0
81 silly currentTree ├── json5@0.4.0
81 silly currentTree ├── jsonp@0.2.1
81 silly currentTree ├── jstransform@11.0.3
81 silly currentTree ├── keycode@2.1.8
81 silly currentTree ├── kind-of@3.1.0
81 silly currentTree ├── lazy-cache@1.0.4
81 silly currentTree ├─┬ loader-utils@0.2.17
81 silly currentTree │ ├── json5@0.5.1
81 silly currentTree │ └── object-assign@4.1.1
81 silly currentTree ├── lodash@3.10.1
81 silly currentTree ├── longest@1.0.1
81 silly currentTree ├── loose-envify@1.3.1
81 silly currentTree ├── media-typer@0.3.0
81 silly currentTree ├── memory-fs@0.3.0
81 silly currentTree ├── merge-descriptors@1.0.1
81 silly currentTree ├── methods@1.1.2
81 silly currentTree ├── micromatch@2.3.11
81 silly currentTree ├── mime-db@1.26.0
81 silly currentTree ├── mime-types@2.1.14
81 silly currentTree ├── mime@1.3.4
81 silly currentTree ├── minimatch@3.0.3
81 silly currentTree ├── minimist@0.0.8
81 silly currentTree ├── mkdirp@0.5.1
81 silly currentTree ├── ms@0.7.2
81 silly currentTree ├── negotiator@0.6.1
81 silly currentTree ├─┬ node-libs-browser@0.6.0
81 silly currentTree │ ├── isarray@0.0.1
81 silly currentTree │ └── readable-stream@1.1.14
81 silly currentTree ├── normalize-path@2.0.1
81 silly currentTree ├── number-is-nan@1.0.1
81 silly currentTree ├── object-assign@2.1.1
81 silly currentTree ├── object.omit@2.0.1
81 silly currentTree ├── on-finished@2.3.0
81 silly currentTree ├── once@1.4.0
81 silly currentTree ├── optimist@0.6.1
81 silly currentTree ├── os-browserify@0.1.2
81 silly currentTree ├── os-homedir@1.0.2
81 silly currentTree ├── os-tmpdir@1.0.2
81 silly currentTree ├── pako@0.2.9
81 silly currentTree ├── parse-glob@3.0.4
81 silly currentTree ├── parseurl@1.3.1
81 silly currentTree ├── path-browserify@0.0.0
81 silly currentTree ├── path-exists@1.0.0
81 silly currentTree ├── path-is-absolute@1.0.1
81 silly currentTree ├── path-to-regexp@0.1.7
81 silly currentTree ├── pbkdf2-compat@2.0.1
81 silly currentTree ├── preserve@0.2.0
81 silly currentTree ├── private@0.1.7
81 silly currentTree ├── process-nextick-args@1.0.7
81 silly currentTree ├── process@0.11.9
81 silly currentTree ├── promise@7.1.1
81 silly currentTree ├── proxy-addr@1.1.3
81 silly currentTree ├── prr@0.0.0
81 silly currentTree ├── punycode@1.4.1
81 silly currentTree ├── q@1.5.0
81 silly currentTree ├── qs@6.4.0
81 silly currentTree ├── query-string@3.0.3
81 silly currentTree ├── querystring-es3@0.2.1
81 silly currentTree ├── querystring@0.2.0
81 silly currentTree ├── randomatic@1.1.6
81 silly currentTree ├── range-parser@1.2.0
81 silly currentTree ├─┬ react-bootstrap@0.30.8
81 silly currentTree │ ├── babel-runtime@6.23.0
81 silly currentTree │ ├── core-js@2.4.1
81 silly currentTree │ └── warning@3.0.0
81 silly currentTree ├── react-dom@0.14.8
81 silly currentTree ├─┬ react-overlays@0.6.12
81 silly currentTree │ └── warning@3.0.0
81 silly currentTree ├─┬ react-prop-types@0.4.0
81 silly currentTree │ └── warning@3.0.0
81 silly currentTree ├── react-router@2.2.0
81 silly currentTree ├── react@0.14.8
81 silly currentTree ├── readable-stream@2.2.6
81 silly currentTree ├── readdirp@2.1.0
81 silly currentTree ├─┬ recast@0.11.23
81 silly currentTree │ ├── esprima@3.1.3
81 silly currentTree │ └── source-map@0.5.6
81 silly currentTree ├── regenerate@1.3.2
81 silly currentTree ├── regenerator-runtime@0.10.3
81 silly currentTree ├─┬ regenerator-transform@0.9.8
81 silly currentTree │ ├── babel-runtime@6.23.0
81 silly currentTree │ └── core-js@2.4.1
81 silly currentTree ├── regex-cache@0.4.3
81 silly currentTree ├── regexpu-core@2.0.0
81 silly currentTree ├── regjsgen@0.2.0
81 silly currentTree ├─┬ regjsparser@0.1.5
81 silly currentTree │ └── jsesc@0.5.0
81 silly currentTree ├── repeat-element@1.1.2
81 silly currentTree ├── repeat-string@1.6.1
81 silly currentTree ├── repeating@2.0.1
81 silly currentTree ├── right-align@0.1.3
81 silly currentTree ├── ripemd160@0.2.0
81 silly currentTree ├── send@0.15.1
81 silly currentTree ├── serve-static@1.12.1
81 silly currentTree ├── set-immediate-shim@1.0.1
81 silly currentTree ├── setprototypeof@1.0.3
81 silly currentTree ├── sha.js@2.2.6
81 silly currentTree ├── shebang-regex@1.0.0
81 silly currentTree ├── slash@1.0.0
81 silly currentTree ├── source-list-map@0.1.8
81 silly currentTree ├─┬ source-map-support@0.4.14
81 silly currentTree │ └── source-map@0.5.6
81 silly currentTree ├── source-map@0.4.4
81 silly currentTree ├── statuses@1.3.1
81 silly currentTree ├─┬ stream-browserify@1.0.0
81 silly currentTree │ ├── isarray@0.0.1
81 silly currentTree │ └── readable-stream@1.1.14
81 silly currentTree ├── strict-uri-encode@1.1.0
81 silly currentTree ├── string_decoder@0.10.31
81 silly currentTree ├── strip-ansi@3.0.1
81 silly currentTree ├── supports-color@2.0.0
81 silly currentTree ├── tapable@0.1.10
81 silly currentTree ├── through@2.3.8
81 silly currentTree ├── timers-browserify@1.4.2
81 silly currentTree ├── to-fast-properties@1.0.2
81 silly currentTree ├── trim-right@1.0.1
81 silly currentTree ├── tty-browserify@0.0.0
81 silly currentTree ├── type-is@1.6.14
81 silly currentTree ├── ua-parser-js@0.7.12
81 silly currentTree ├─┬ uglify-js@2.6.4
81 silly currentTree │ ├── async@0.2.10
81 silly currentTree │ └── source-map@0.5.6
81 silly currentTree ├── uglify-to-browserify@1.0.2
81 silly currentTree ├── uncontrollable@4.0.3
81 silly currentTree ├── unpipe@1.0.0
81 silly currentTree ├─┬ url@0.10.3
81 silly currentTree │ └── punycode@1.3.2
81 silly currentTree ├── util-deprecate@1.0.2
81 silly currentTree ├─┬ util@0.10.3
81 silly currentTree │ └── inherits@2.0.1
81 silly currentTree ├── utils-merge@1.0.0
81 silly currentTree ├── vary@1.1.0
81 silly currentTree ├── vm-browserify@0.0.4
81 silly currentTree ├── warning@2.1.0
81 silly currentTree ├─┬ watchpack@0.2.9
81 silly currentTree │ └── async@0.9.2
81 silly currentTree ├── webpack-core@0.6.9
81 silly currentTree ├─┬ webpack@1.12.13
81 silly currentTree │ ├── esprima@2.7.3
81 silly currentTree │ └── supports-color@3.2.3
81 silly currentTree ├── whatwg-fetch@0.9.0
81 silly currentTree ├── window-size@0.1.0
81 silly currentTree ├── wordwrap@0.0.3
81 silly currentTree ├── wrappy@1.0.2
81 silly currentTree └── yargs@3.10.0
82 silly idealTree hello-react@1.0.0
82 silly idealTree ├── accepts@1.3.3
82 silly idealTree ├── acorn@4.0.11
82 silly idealTree ├── align-text@0.1.4
82 silly idealTree ├── amdefine@1.0.1
82 silly idealTree ├── ansi-regex@2.1.1
82 silly idealTree ├── ansi-styles@2.2.1
82 silly idealTree ├── anymatch@1.3.0
82 silly idealTree ├── arr-diff@2.0.0
82 silly idealTree ├── arr-flatten@1.0.1
82 silly idealTree ├── array-flatten@1.1.1
82 silly idealTree ├── array-unique@0.2.1
82 silly idealTree ├── arrify@1.0.1
82 silly idealTree ├── asap@2.0.5
82 silly idealTree ├── assert@1.4.1
82 silly idealTree ├── ast-types@0.9.6
82 silly idealTree ├── async-each@1.0.1
82 silly idealTree ├── async@1.5.2
82 silly idealTree ├── axios@0.15.3
82 silly idealTree ├── babel-code-frame@6.22.0
82 silly idealTree ├─┬ babel-core@6.5.1
82 silly idealTree │ ├── minimatch@2.0.10
82 silly idealTree │ └── source-map@0.5.6
82 silly idealTree ├─┬ babel-generator@6.24.0
82 silly idealTree │ ├── babel-runtime@6.23.0
82 silly idealTree │ ├── core-js@2.4.1
82 silly idealTree │ ├── lodash@4.17.4
82 silly idealTree │ └── source-map@0.5.6
82 silly idealTree ├─┬ babel-helper-bindify-decorators@6.22.0
82 silly idealTree │ ├── babel-runtime@6.23.0
82 silly idealTree │ └── core-js@2.4.1
82 silly idealTree ├─┬ babel-helper-builder-binary-assignment-operator-visitor@6.22.0
82 silly idealTree │ ├── babel-runtime@6.23.0
82 silly idealTree │ └── core-js@2.4.1
82 silly idealTree ├─┬ babel-helper-builder-react-jsx@6.23.0
82 silly idealTree │ ├── babel-runtime@6.23.0
82 silly idealTree │ ├── core-js@2.4.1
82 silly idealTree │ └── lodash@4.17.4
82 silly idealTree ├─┬ babel-helper-call-delegate@6.22.0
82 silly idealTree │ ├── babel-runtime@6.23.0
82 silly idealTree │ └── core-js@2.4.1
82 silly idealTree ├─┬ babel-helper-define-map@6.23.0
82 silly idealTree │ ├── babel-runtime@6.23.0
82 silly idealTree │ ├── core-js@2.4.1
82 silly idealTree │ └── lodash@4.17.4
82 silly idealTree ├─┬ babel-helper-explode-assignable-expression@6.22.0
82 silly idealTree │ ├── babel-runtime@6.23.0
82 silly idealTree │ └── core-js@2.4.1
82 silly idealTree ├─┬ babel-helper-explode-class@6.22.0
82 silly idealTree │ ├── babel-runtime@6.23.0
82 silly idealTree │ └── core-js@2.4.1
82 silly idealTree ├─┬ babel-helper-function-name@6.23.0
82 silly idealTree │ ├── babel-runtime@6.23.0
82 silly idealTree │ └── core-js@2.4.1
82 silly idealTree ├─┬ babel-helper-get-function-arity@6.22.0
82 silly idealTree │ ├── babel-runtime@6.23.0
82 silly idealTree │ └── core-js@2.4.1
82 silly idealTree ├─┬ babel-helper-hoist-variables@6.22.0
82 silly idealTree │ ├── babel-runtime@6.23.0
82 silly idealTree │ └── core-js@2.4.1
82 silly idealTree ├─┬ babel-helper-optimise-call-expression@6.23.0
82 silly idealTree │ ├── babel-runtime@6.23.0
82 silly idealTree │ └── core-js@2.4.1
82 silly idealTree ├─┬ babel-helper-regex@6.22.0
82 silly idealTree │ ├── babel-runtime@6.23.0
82 silly idealTree │ ├── core-js@2.4.1
82 silly idealTree │ └── lodash@4.17.4
82 silly idealTree ├─┬ babel-helper-remap-async-to-generator@6.22.0
82 silly idealTree │ ├── babel-runtime@6.23.0
82 silly idealTree │ └── core-js@2.4.1
82 silly idealTree ├─┬ babel-helper-replace-supers@6.23.0
82 silly idealTree │ ├── babel-runtime@6.23.0
82 silly idealTree │ └── core-js@2.4.1
82 silly idealTree ├─┬ babel-helpers@6.23.0
82 silly idealTree │ ├── babel-runtime@6.23.0
82 silly idealTree │ └── core-js@2.4.1
82 silly idealTree ├─┬ babel-loader@6.2.2
82 silly idealTree │ └── object-assign@4.1.1
82 silly idealTree ├─┬ babel-messages@6.23.0
82 silly idealTree │ ├── babel-runtime@6.23.0
82 silly idealTree │ └── core-js@2.4.1
82 silly idealTree ├─┬ babel-plugin-check-es2015-constants@6.22.0
82 silly idealTree │ ├── babel-runtime@6.23.0
82 silly idealTree │ └── core-js@2.4.1
82 silly idealTree ├── babel-plugin-syntax-async-functions@6.13.0
82 silly idealTree ├── babel-plugin-syntax-async-generators@6.13.0
82 silly idealTree ├── babel-plugin-syntax-class-constructor-call@6.18.0
82 silly idealTree ├── babel-plugin-syntax-class-properties@6.13.0
82 silly idealTree ├── babel-plugin-syntax-decorators@6.13.0
82 silly idealTree ├── babel-plugin-syntax-do-expressions@6.13.0
82 silly idealTree ├── babel-plugin-syntax-dynamic-import@6.18.0
82 silly idealTree ├── babel-plugin-syntax-exponentiation-operator@6.13.0
82 silly idealTree ├── babel-plugin-syntax-export-extensions@6.13.0
82 silly idealTree ├── babel-plugin-syntax-flow@6.18.0
82 silly idealTree ├── babel-plugin-syntax-function-bind@6.13.0
82 silly idealTree ├── babel-plugin-syntax-jsx@6.18.0
82 silly idealTree ├── babel-plugin-syntax-object-rest-spread@6.13.0
82 silly idealTree ├── babel-plugin-syntax-trailing-function-commas@6.22.0
82 silly idealTree ├─┬ babel-plugin-transform-async-generator-functions@6.22.0
82 silly idealTree │ ├── babel-runtime@6.23.0
82 silly idealTree │ └── core-js@2.4.1
82 silly idealTree ├─┬ babel-plugin-transform-async-to-generator@6.22.0
82 silly idealTree │ ├── babel-runtime@6.23.0
82 silly idealTree │ └── core-js@2.4.1
82 silly idealTree ├─┬ babel-plugin-transform-class-constructor-call@6.22.0
82 silly idealTree │ ├── babel-runtime@6.23.0
82 silly idealTree │ └── core-js@2.4.1
82 silly idealTree ├─┬ babel-plugin-transform-class-properties@6.23.0
82 silly idealTree │ ├── babel-runtime@6.23.0
82 silly idealTree │ └── core-js@2.4.1
82 silly idealTree ├─┬ babel-plugin-transform-decorators@6.22.0
82 silly idealTree │ ├── babel-runtime@6.23.0
82 silly idealTree │ └── core-js@2.4.1
82 silly idealTree ├─┬ babel-plugin-transform-do-expressions@6.22.0
82 silly idealTree │ ├── babel-runtime@6.23.0
82 silly idealTree │ └── core-js@2.4.1
82 silly idealTree ├─┬ babel-plugin-transform-es2015-arrow-functions@6.22.0
82 silly idealTree │ ├── babel-runtime@6.23.0
82 silly idealTree │ └── core-js@2.4.1
82 silly idealTree ├─┬ babel-plugin-transform-es2015-block-scoped-functions@6.22.0
82 silly idealTree │ ├── babel-runtime@6.23.0
82 silly idealTree │ └── core-js@2.4.1
82 silly idealTree ├─┬ babel-plugin-transform-es2015-block-scoping@6.23.0
82 silly idealTree │ ├── babel-runtime@6.23.0
82 silly idealTree │ ├── core-js@2.4.1
82 silly idealTree │ └── lodash@4.17.4
82 silly idealTree ├─┬ babel-plugin-transform-es2015-classes@6.23.0
82 silly idealTree │ ├── babel-runtime@6.23.0
82 silly idealTree │ └── core-js@2.4.1
82 silly idealTree ├─┬ babel-plugin-transform-es2015-computed-properties@6.22.0
82 silly idealTree │ ├── babel-runtime@6.23.0
82 silly idealTree │ └── core-js@2.4.1
82 silly idealTree ├─┬ babel-plugin-transform-es2015-destructuring@6.23.0
82 silly idealTree │ ├── babel-runtime@6.23.0
82 silly idealTree │ └── core-js@2.4.1
82 silly idealTree ├─┬ babel-plugin-transform-es2015-for-of@6.23.0
82 silly idealTree │ ├── babel-runtime@6.23.0
82 silly idealTree │ └── core-js@2.4.1
82 silly idealTree ├─┬ babel-plugin-transform-es2015-function-name@6.22.0
82 silly idealTree │ ├── babel-runtime@6.23.0
82 silly idealTree │ └── core-js@2.4.1
82 silly idealTree ├─┬ babel-plugin-transform-es2015-literals@6.22.0
82 silly idealTree │ ├── babel-runtime@6.23.0
82 silly idealTree │ └── core-js@2.4.1
82 silly idealTree ├─┬ babel-plugin-transform-es2015-modules-commonjs@6.24.0
82 silly idealTree │ ├── babel-runtime@6.23.0
82 silly idealTree │ └── core-js@2.4.1
82 silly idealTree ├─┬ babel-plugin-transform-es2015-object-super@6.22.0
82 silly idealTree │ ├── babel-runtime@6.23.0
82 silly idealTree │ └── core-js@2.4.1
82 silly idealTree ├─┬ babel-plugin-transform-es2015-parameters@6.23.0
82 silly idealTree │ ├── babel-runtime@6.23.0
82 silly idealTree │ └── core-js@2.4.1
82 silly idealTree ├─┬ babel-plugin-transform-es2015-shorthand-properties@6.22.0
82 silly idealTree │ ├── babel-runtime@6.23.0
82 silly idealTree │ └── core-js@2.4.1
82 silly idealTree ├─┬ babel-plugin-transform-es2015-spread@6.22.0
82 silly idealTree │ ├── babel-runtime@6.23.0
82 silly idealTree │ └── core-js@2.4.1
82 silly idealTree ├─┬ babel-plugin-transform-es2015-sticky-regex@6.22.0
82 silly idealTree │ ├── babel-runtime@6.23.0
82 silly idealTree │ └── core-js@2.4.1
82 silly idealTree ├─┬ babel-plugin-transform-es2015-template-literals@6.22.0
82 silly idealTree │ ├── babel-runtime@6.23.0
82 silly idealTree │ └── core-js@2.4.1
82 silly idealTree ├─┬ babel-plugin-transform-es2015-typeof-symbol@6.23.0
82 silly idealTree │ ├── babel-runtime@6.23.0
82 silly idealTree │ └── core-js@2.4.1
82 silly idealTree ├─┬ babel-plugin-transform-es2015-unicode-regex@6.22.0
82 silly idealTree │ ├── babel-runtime@6.23.0
82 silly idealTree │ └── core-js@2.4.1
82 silly idealTree ├─┬ babel-plugin-transform-exponentiation-operator@6.22.0
82 silly idealTree │ ├── babel-runtime@6.23.0
82 silly idealTree │ └── core-js@2.4.1
82 silly idealTree ├─┬ babel-plugin-transform-export-extensions@6.22.0
82 silly idealTree │ ├── babel-runtime@6.23.0
82 silly idealTree │ └── core-js@2.4.1
82 silly idealTree ├─┬ babel-plugin-transform-flow-strip-types@6.22.0
82 silly idealTree │ ├── babel-runtime@6.23.0
82 silly idealTree │ └── core-js@2.4.1
82 silly idealTree ├─┬ babel-plugin-transform-function-bind@6.22.0
82 silly idealTree │ ├── babel-runtime@6.23.0
82 silly idealTree │ └── core-js@2.4.1
82 silly idealTree ├─┬ babel-plugin-transform-object-rest-spread@6.23.0
82 silly idealTree │ ├── babel-runtime@6.23.0
82 silly idealTree │ └── core-js@2.4.1
82 silly idealTree ├─┬ babel-plugin-transform-react-display-name@6.23.0
82 silly idealTree │ ├── babel-runtime@6.23.0
82 silly idealTree │ └── core-js@2.4.1
82 silly idealTree ├─┬ babel-plugin-transform-react-jsx-source@6.22.0
82 silly idealTree │ ├── babel-runtime@6.23.0
82 silly idealTree │ └── core-js@2.4.1
82 silly idealTree ├─┬ babel-plugin-transform-react-jsx@6.23.0
82 silly idealTree │ ├── babel-runtime@6.23.0
82 silly idealTree │ └── core-js@2.4.1
82 silly idealTree ├── babel-plugin-transform-regenerator@6.22.0
82 silly idealTree ├─┬ babel-plugin-transform-strict-mode@6.22.0
82 silly idealTree │ ├── babel-runtime@6.23.0
82 silly idealTree │ └── core-js@2.4.1
82 silly idealTree ├── babel-preset-es2015@6.5.0
82 silly idealTree ├── babel-preset-react@6.5.0
82 silly idealTree ├── babel-preset-stage-0@6.22.0
82 silly idealTree ├── babel-preset-stage-1@6.22.0
82 silly idealTree ├── babel-preset-stage-2@6.22.0
82 silly idealTree ├── babel-preset-stage-3@6.22.0
82 silly idealTree ├─┬ babel-register@6.24.0
82 silly idealTree │ ├── babel-core@6.24.0
82 silly idealTree │ ├── babel-runtime@6.23.0
82 silly idealTree │ ├── core-js@2.4.1
82 silly idealTree │ ├── json5@0.5.1
82 silly idealTree │ ├── lodash@4.17.4
82 silly idealTree │ └── source-map@0.5.6
82 silly idealTree ├── babel-runtime@5.8.38
82 silly idealTree ├─┬ babel-template@6.23.0
82 silly idealTree │ ├── babel-runtime@6.23.0
82 silly idealTree │ ├── core-js@2.4.1
82 silly idealTree │ └── lodash@4.17.4
82 silly idealTree ├─┬ babel-traverse@6.23.1
82 silly idealTree │ ├── babel-runtime@6.23.0
82 silly idealTree │ ├── core-js@2.4.1
82 silly idealTree │ └── lodash@4.17.4
82 silly idealTree ├─┬ babel-types@6.23.0
82 silly idealTree │ ├── babel-runtime@6.23.0
82 silly idealTree │ ├── core-js@2.4.1
82 silly idealTree │ └── lodash@4.17.4
82 silly idealTree ├── babylon@6.16.1
82 silly idealTree ├── balanced-match@0.4.2
82 silly idealTree ├── base62@1.1.2
82 silly idealTree ├── base64-js@1.2.0
82 silly idealTree ├── Base64@0.2.1
82 silly idealTree ├── big.js@3.1.3
82 silly idealTree ├── binary-extensions@1.8.0
82 silly idealTree ├── brace-expansion@1.1.6
82 silly idealTree ├── braces@1.8.5
82 silly idealTree ├── browserify-zlib@0.1.4
82 silly idealTree ├── buffer-shims@1.0.0
82 silly idealTree ├── buffer@4.9.1
82 silly idealTree ├── camelcase@1.2.1
82 silly idealTree ├── center-align@0.1.3
82 silly idealTree ├── chalk@1.1.3
82 silly idealTree ├── chokidar@1.6.1
82 silly idealTree ├── classnames@2.2.5
82 silly idealTree ├─┬ cliui@2.1.0
82 silly idealTree │ └── wordwrap@0.0.2
82 silly idealTree ├── clone@1.0.2
82 silly idealTree ├── commander@2.9.0
82 silly idealTree ├── commoner@0.10.8
82 silly idealTree ├── concat-map@0.0.1
82 silly idealTree ├── console-browserify@1.1.0
82 silly idealTree ├── constants-browserify@0.0.1
82 silly idealTree ├── content-disposition@0.5.2
82 silly idealTree ├── content-type@1.0.2
82 silly idealTree ├── convert-source-map@1.4.0
82 silly idealTree ├── cookie-signature@1.0.6
82 silly idealTree ├── cookie@0.3.1
82 silly idealTree ├── core-js@1.2.7
82 silly idealTree ├── core-util-is@1.0.2
82 silly idealTree ├── crypto-browserify@3.2.8
82 silly idealTree ├── date-now@0.1.4
82 silly idealTree ├── debug@2.6.1
82 silly idealTree ├── decamelize@1.2.0
82 silly idealTree ├── deep-equal@1.0.1
82 silly idealTree ├── defined@1.0.0
82 silly idealTree ├── depd@1.1.0
82 silly idealTree ├── destroy@1.0.4
82 silly idealTree ├── detect-indent@4.0.0
82 silly idealTree ├── detective@4.5.0
82 silly idealTree ├── dom-helpers@3.2.1
82 silly idealTree ├── domain-browser@1.1.7
82 silly idealTree ├── ee-first@1.1.1
82 silly idealTree ├── emojis-list@2.1.0
82 silly idealTree ├── encodeurl@1.0.1
82 silly idealTree ├─┬ enhanced-resolve@0.9.1
82 silly idealTree │ └── memory-fs@0.2.0
82 silly idealTree ├── envify@3.4.1
82 silly idealTree ├── errno@0.1.4
82 silly idealTree ├── escape-html@1.0.3
82 silly idealTree ├── escape-string-regexp@1.0.5
82 silly idealTree ├── esprima-fb@15001.1.0-dev-harmony-fb
82 silly idealTree ├── esutils@2.0.2
82 silly idealTree ├── etag@1.8.0
82 silly idealTree ├── events@1.1.1
82 silly idealTree ├── expand-brackets@0.1.5
82 silly idealTree ├── expand-range@1.8.2
82 silly idealTree ├── express@4.15.2
82 silly idealTree ├── extglob@0.3.2
82 silly idealTree ├── fbjs@0.6.1
82 silly idealTree ├── filename-regex@2.0.0
82 silly idealTree ├── fill-range@2.2.3
82 silly idealTree ├── finalhandler@1.0.0
82 silly idealTree ├── follow-redirects@1.0.0
82 silly idealTree ├── for-in@1.0.2
82 silly idealTree ├── for-own@0.1.5
82 silly idealTree ├── forwarded@0.1.0
82 silly idealTree ├── fresh@0.5.0
82 silly idealTree ├── glob-base@0.3.0
82 silly idealTree ├── glob-parent@2.0.0
82 silly idealTree ├── glob@5.0.15
82 silly idealTree ├── globals@9.17.0
82 silly idealTree ├── graceful-fs@4.1.11
82 silly idealTree ├── graceful-readlink@1.0.1
82 silly idealTree ├── has-ansi@2.0.0
82 silly idealTree ├── has-flag@1.0.0
82 silly idealTree ├── history@2.1.2
82 silly idealTree ├── home-or-tmp@2.0.0
82 silly idealTree ├── http-browserify@1.7.0
82 silly idealTree ├── http-errors@1.6.1
82 silly idealTree ├── https-browserify@0.0.0
82 silly idealTree ├── iconv-lite@0.4.15
82 silly idealTree ├── ieee754@1.1.8
82 silly idealTree ├── indexof@0.0.1
82 silly idealTree ├── inflight@1.0.6
82 silly idealTree ├── inherits@2.0.3
82 silly idealTree ├── interpret@0.6.6
82 silly idealTree ├── invariant@2.2.2
82 silly idealTree ├── ipaddr.js@1.2.0
82 silly idealTree ├── is-binary-path@1.0.1
82 silly idealTree ├── is-buffer@1.1.5
82 silly idealTree ├── is-dotfile@1.0.2
82 silly idealTree ├── is-equal-shallow@0.1.3
82 silly idealTree ├── is-extendable@0.1.1
82 silly idealTree ├── is-extglob@1.0.0
82 silly idealTree ├── is-finite@1.0.2
82 silly idealTree ├── is-glob@2.0.1
82 silly idealTree ├── is-number@2.1.0
82 silly idealTree ├── is-posix-bracket@0.1.1
82 silly idealTree ├── is-primitive@2.0.0
82 silly idealTree ├── isarray@1.0.0
82 silly idealTree ├── isobject@2.1.0
82 silly idealTree ├── js-tokens@3.0.1
82 silly idealTree ├── jsesc@1.3.0
82 silly idealTree ├── json5@0.4.0
82 silly idealTree ├── jsonp@0.2.1
82 silly idealTree ├── jstransform@11.0.3
82 silly idealTree ├── keycode@2.1.8
82 silly idealTree ├── kind-of@3.1.0
82 silly idealTree ├── lazy-cache@1.0.4
82 silly idealTree ├─┬ loader-utils@0.2.17
82 silly idealTree │ ├── json5@0.5.1
82 silly idealTree │ └── object-assign@4.1.1
82 silly idealTree ├── lodash@3.10.1
82 silly idealTree ├── longest@1.0.1
82 silly idealTree ├── loose-envify@1.3.1
82 silly idealTree ├── media-typer@0.3.0
82 silly idealTree ├── memory-fs@0.3.0
82 silly idealTree ├── merge-descriptors@1.0.1
82 silly idealTree ├── methods@1.1.2
82 silly idealTree ├── micromatch@2.3.11
82 silly idealTree ├── mime-db@1.26.0
82 silly idealTree ├── mime-types@2.1.14
82 silly idealTree ├── mime@1.3.4
82 silly idealTree ├── minimatch@3.0.3
82 silly idealTree ├── minimist@0.0.8
82 silly idealTree ├── mkdirp@0.5.1
82 silly idealTree ├── ms@0.7.2
82 silly idealTree ├── negotiator@0.6.1
82 silly idealTree ├── node-curl@0.3.3
82 silly idealTree ├─┬ node-libs-browser@0.6.0
82 silly idealTree │ ├── isarray@0.0.1
82 silly idealTree │ └── readable-stream@1.1.14
82 silly idealTree ├── normalize-path@2.0.1
82 silly idealTree ├── number-is-nan@1.0.1
82 silly idealTree ├── object-assign@2.1.1
82 silly idealTree ├── object.omit@2.0.1
82 silly idealTree ├── on-finished@2.3.0
82 silly idealTree ├── once@1.4.0
82 silly idealTree ├── optimist@0.6.1
82 silly idealTree ├── os-browserify@0.1.2
82 silly idealTree ├── os-homedir@1.0.2
82 silly idealTree ├── os-tmpdir@1.0.2
82 silly idealTree ├── pako@0.2.9
82 silly idealTree ├── parse-glob@3.0.4
82 silly idealTree ├── parseurl@1.3.1
82 silly idealTree ├── path-browserify@0.0.0
82 silly idealTree ├── path-exists@1.0.0
82 silly idealTree ├── path-is-absolute@1.0.1
82 silly idealTree ├── path-to-regexp@0.1.7
82 silly idealTree ├── pbkdf2-compat@2.0.1
82 silly idealTree ├── preserve@0.2.0
82 silly idealTree ├── private@0.1.7
82 silly idealTree ├── process-nextick-args@1.0.7
82 silly idealTree ├── process@0.11.9
82 silly idealTree ├── promise@7.1.1
82 silly idealTree ├── proxy-addr@1.1.3
82 silly idealTree ├── prr@0.0.0
82 silly idealTree ├── punycode@1.4.1
82 silly idealTree ├── q@1.5.0
82 silly idealTree ├── qs@6.4.0
82 silly idealTree ├── query-string@3.0.3
82 silly idealTree ├── querystring-es3@0.2.1
82 silly idealTree ├── querystring@0.2.0
82 silly idealTree ├── randomatic@1.1.6
82 silly idealTree ├── range-parser@1.2.0
82 silly idealTree ├─┬ react-bootstrap@0.30.8
82 silly idealTree │ ├── babel-runtime@6.23.0
82 silly idealTree │ ├── core-js@2.4.1
82 silly idealTree │ └── warning@3.0.0
82 silly idealTree ├── react-dom@0.14.8
82 silly idealTree ├─┬ react-overlays@0.6.12
82 silly idealTree │ └── warning@3.0.0
82 silly idealTree ├─┬ react-prop-types@0.4.0
82 silly idealTree │ └── warning@3.0.0
82 silly idealTree ├── react-router@2.2.0
82 silly idealTree ├── react@0.14.8
82 silly idealTree ├── readable-stream@2.2.6
82 silly idealTree ├── readdirp@2.1.0
82 silly idealTree ├─┬ recast@0.11.23
82 silly idealTree │ ├── esprima@3.1.3
82 silly idealTree │ └── source-map@0.5.6
82 silly idealTree ├── regenerate@1.3.2
82 silly idealTree ├── regenerator-runtime@0.10.3
82 silly idealTree ├─┬ regenerator-transform@0.9.8
82 silly idealTree │ ├── babel-runtime@6.23.0
82 silly idealTree │ └── core-js@2.4.1
82 silly idealTree ├── regex-cache@0.4.3
82 silly idealTree ├── regexpu-core@2.0.0
82 silly idealTree ├── regjsgen@0.2.0
82 silly idealTree ├─┬ regjsparser@0.1.5
82 silly idealTree │ └── jsesc@0.5.0
82 silly idealTree ├── repeat-element@1.1.2
82 silly idealTree ├── repeat-string@1.6.1
82 silly idealTree ├── repeating@2.0.1
82 silly idealTree ├── right-align@0.1.3
82 silly idealTree ├── ripemd160@0.2.0
82 silly idealTree ├── send@0.15.1
82 silly idealTree ├── serve-static@1.12.1
82 silly idealTree ├── set-immediate-shim@1.0.1
82 silly idealTree ├── setprototypeof@1.0.3
82 silly idealTree ├── sha.js@2.2.6
82 silly idealTree ├── shebang-regex@1.0.0
82 silly idealTree ├── slash@1.0.0
82 silly idealTree ├── source-list-map@0.1.8
82 silly idealTree ├─┬ source-map-support@0.4.14
82 silly idealTree │ └── source-map@0.5.6
82 silly idealTree ├── source-map@0.4.4
82 silly idealTree ├── statuses@1.3.1
82 silly idealTree ├─┬ stream-browserify@1.0.0
82 silly idealTree │ ├── isarray@0.0.1
82 silly idealTree │ └── readable-stream@1.1.14
82 silly idealTree ├── strict-uri-encode@1.1.0
82 silly idealTree ├── string_decoder@0.10.31
82 silly idealTree ├── strip-ansi@3.0.1
82 silly idealTree ├── supports-color@2.0.0
82 silly idealTree ├── tapable@0.1.10
82 silly idealTree ├── through@2.3.8
82 silly idealTree ├── timers-browserify@1.4.2
82 silly idealTree ├── to-fast-properties@1.0.2
82 silly idealTree ├── trim-right@1.0.1
82 silly idealTree ├── tty-browserify@0.0.0
82 silly idealTree ├── type-is@1.6.14
82 silly idealTree ├── ua-parser-js@0.7.12
82 silly idealTree ├─┬ uglify-js@2.6.4
82 silly idealTree │ ├── async@0.2.10
82 silly idealTree │ └── source-map@0.5.6
82 silly idealTree ├── uglify-to-browserify@1.0.2
82 silly idealTree ├── uncontrollable@4.0.3
82 silly idealTree ├── unpipe@1.0.0
82 silly idealTree ├─┬ url@0.10.3
82 silly idealTree │ └── punycode@1.3.2
82 silly idealTree ├── util-deprecate@1.0.2
82 silly idealTree ├─┬ util@0.10.3
82 silly idealTree │ └── inherits@2.0.1
82 silly idealTree ├── utils-merge@1.0.0
82 silly idealTree ├── vary@1.1.0
82 silly idealTree ├── vm-browserify@0.0.4
82 silly idealTree ├── warning@2.1.0
82 silly idealTree ├─┬ watchpack@0.2.9
82 silly idealTree │ └── async@0.9.2
82 silly idealTree ├── webpack-core@0.6.9
82 silly idealTree ├─┬ webpack@1.12.13
82 silly idealTree │ ├── esprima@2.7.3
82 silly idealTree │ └── supports-color@3.2.3
82 silly idealTree ├── whatwg-fetch@0.9.0
82 silly idealTree ├── window-size@0.1.0
82 silly idealTree ├── wordwrap@0.0.3
82 silly idealTree ├── wrappy@1.0.2
82 silly idealTree └── yargs@3.10.0
83 silly generateActionsToTake Starting
84 silly install generateActionsToTake
85 silly generateActionsToTake Finishing
86 silly diffTrees action count 1
87 silly diffTrees add node-curl@0.3.3
88 silly decomposeActions action count 8
89 silly decomposeActions fetch node-curl@0.3.3
90 silly decomposeActions extract node-curl@0.3.3
91 silly decomposeActions test node-curl@0.3.3
92 silly decomposeActions preinstall node-curl@0.3.3
93 silly decomposeActions build node-curl@0.3.3
94 silly decomposeActions install node-curl@0.3.3
95 silly decomposeActions postinstall node-curl@0.3.3
96 silly decomposeActions finalize node-curl@0.3.3
97 silly runTopLevelLifecycles Starting
98 silly executeActions Starting
99 silly install executeActions
100 silly doSerial global-install 0
101 silly doParallel fetch 1
102 verbose correctMkdir /home/smtt/.npm/_locks correctMkdir not in flight; initializing
103 verbose lock using /home/smtt/.npm/_locks/staging-3264b7f4a07fe863.lock for /home/smtt/Desktop/React/react-recipeapp/node_modules/.staging
104 silly doParallel extract 1
105 silly extract node-curl@0.3.3
106 verbose unbuild node_modules/.staging/node-curl-7918a37b
107 silly gentlyRm /home/smtt/Desktop/React/react-recipeapp/node_modules/.staging/node-curl-7918a37b is being purged from base /home/smtt/Desktop/React/react-recipeapp
108 verbose gentlyRm don't care about contents; nuking /home/smtt/Desktop/React/react-recipeapp/node_modules/.staging/node-curl-7918a37b
109 verbose tar unpack /home/smtt/.npm/node-curl/0.3.3/package.tgz
110 verbose tar unpacking to /home/smtt/Desktop/React/react-recipeapp/node_modules/.staging/node-curl-7918a37b
111 silly gentlyRm /home/smtt/Desktop/React/react-recipeapp/node_modules/.staging/node-curl-7918a37b is being purged
112 verbose gentlyRm don't care about contents; nuking /home/smtt/Desktop/React/react-recipeapp/node_modules/.staging/node-curl-7918a37b
113 silly gunzTarPerm modes [ '755', '644' ]
114 silly gunzTarPerm extractEntry package.json
115 silly gunzTarPerm extractEntry .npmignore
116 silly gunzTarPerm extractEntry README.md
117 silly gunzTarPerm extractEntry index.js
118 silly gunzTarPerm extractEntry binding.gyp
119 silly gunzTarPerm extractEntry examples/curl.js
120 silly gunzTarPerm extractEntry examples/low-level.js
121 silly gunzTarPerm extractEntry examples/post-multi-part.js
122 silly gunzTarPerm extractEntry examples/test.js
123 silly gunzTarPerm extractEntry examples/low-level-pressure.js
124 silly gunzTarPerm extractEntry examples/test-stream.js
125 silly gunzTarPerm extractEntry examples/pressure-multi-post.js
126 silly gunzTarPerm extractEntry examples/test-get-info.js
127 silly gunzTarPerm extractEntry examples/test-errors.js
128 silly gunzTarPerm extractEntry examples/quick-start.js
129 silly gunzTarPerm extractEntry examples/post.js
130 silly gunzTarPerm extractEntry examples/pressure.js
131 silly gunzTarPerm extractEntry examples/pressure.toffee
132 silly gunzTarPerm extractEntry examples/curl.toffee
133 silly gunzTarPerm extractEntry examples/test-errors.toffee
134 silly gunzTarPerm extractEntry examples/pressure-multi-post.toffee
135 silly gunzTarPerm extractEntry examples/post.toffee
136 silly gunzTarPerm extractEntry examples/test-stream.toffee
137 silly gunzTarPerm extractEntry examples/post-multi-part.toffee
138 silly gunzTarPerm extractEntry examples/test.toffee
139 silly gunzTarPerm extractEntry .travis.yml
140 silly gunzTarPerm extractEntry index.toffee
141 silly gunzTarPerm extractEntry lib/Curl.js
142 silly gunzTarPerm extractEntry lib/CurlBuilder.js
143 silly gunzTarPerm extractEntry lib/Curl.toffee
144 silly gunzTarPerm extractEntry lib/CurlBuilder.toffee
145 silly gunzTarPerm extractEntry LICENSE-MIT
146 silly gunzTarPerm extractEntry src/generate_curl_options_list.sh
147 silly gunzTarPerm extractEntry src/node-curl.cc
148 silly gunzTarPerm extractEntry src/node-curl.h
149 silly gunzTarPerm extractEntry wscript
150 silly gentlyRm /home/smtt/Desktop/React/react-recipeapp/node_modules/.staging/node-curl-7918a37b/node_modules is being purged
151 verbose gentlyRm don't care about contents; nuking /home/smtt/Desktop/React/react-recipeapp/node_modules/.staging/node-curl-7918a37b/node_modules
152 silly doParallel preinstall 1
153 silly preinstall node-curl@0.3.3 /home/smtt/Desktop/React/react-recipeapp/node_modules/.staging/node-curl-7918a37b
154 info lifecycle node-curl@0.3.3~preinstall: node-curl@0.3.3
155 silly lifecycle node-curl@0.3.3~preinstall: no script for preinstall, continuing
156 silly doReverseSerial remove 0
157 silly doSerial move 0
158 silly doSerial finalize 1
159 silly finalize /home/smtt/Desktop/React/react-recipeapp/node_modules/node-curl
160 silly doSerial build 1
161 silly build node-curl@0.3.3
162 info linkStuff node-curl@0.3.3
163 silly linkStuff node-curl@0.3.3 has /home/smtt/Desktop/React/react-recipeapp/node_modules as its parent node_modules
164 verbose linkBins node-curl@0.3.3
165 verbose linkMans node-curl@0.3.3
166 silly doSerial global-link 0
167 silly doParallel update-linked 0
168 silly doSerial install 1
169 silly install node-curl@0.3.3 /home/smtt/Desktop/React/react-recipeapp/node_modules/.staging/node-curl-7918a37b
170 info lifecycle node-curl@0.3.3~install: node-curl@0.3.3
171 verbose lifecycle node-curl@0.3.3~install: unsafe-perm in lifecycle true
172 verbose lifecycle node-curl@0.3.3~install: PATH: /usr/lib/node_modules/npm/bin/node-gyp-bin:/home/smtt/Desktop/React/react-recipeapp/node_modules/node-curl/node_modules/.bin:/home/smtt/Desktop/React/react-recipeapp/node_modules/.bin:/usr/local/sbin:/usr/local/bin:/usr/sbin:/usr/bin:/sbin:/bin:/usr/games:/usr/local/games
173 verbose lifecycle node-curl@0.3.3~install: CWD: /home/smtt/Desktop/React/react-recipeapp/node_modules/node-curl
174 silly lifecycle node-curl@0.3.3~install: Args: [ '-c',
174 silly lifecycle   'sh src/generate_curl_options_list.sh && (node-gyp rebuild || node-waf configure build)' ]
175 info lifecycle node-curl@0.3.3~install: Failed to exec install script
176 verbose unlock done using /home/smtt/.npm/_locks/staging-3264b7f4a07fe863.lock for /home/smtt/Desktop/React/react-recipeapp/node_modules/.staging
177 silly rollbackFailedOptional Starting
178 silly rollbackFailedOptional Finishing
179 silly runTopLevelLifecycles Finishing
180 silly install printInstalled
181 warn optional SKIPPING OPTIONAL DEPENDENCY: fsevents@^1.0.0 (node_modules/chokidar/node_modules/fsevents):
182 warn notsup SKIPPING OPTIONAL DEPENDENCY: Unsupported platform for fsevents@1.1.1: wanted {"os":"darwin","arch":"any"} (current: {"os":"linux","arch":"x64"})
183 verbose notsup SKIPPING OPTIONAL DEPENDENCY: Valid OS:    darwin
183 verbose notsup SKIPPING OPTIONAL DEPENDENCY: Valid Arch:  any
183 verbose notsup SKIPPING OPTIONAL DEPENDENCY: Actual OS:   linux
183 verbose notsup SKIPPING OPTIONAL DEPENDENCY: Actual Arch: x64
184 warn hello-react@1.0.0 No repository field.
185 verbose If you need help, you may report this error at:
185 verbose     <https://github.com/npm/npm/issues>
186 verbose stack Error: node-curl@0.3.3 install: `sh src/generate_curl_options_list.sh && (node-gyp rebuild || node-waf configure build)`
186 verbose stack spawn ENOENT
186 verbose stack     at ChildProcess.<anonymous> (/usr/lib/node_modules/npm/lib/utils/spawn.js:33:16)
186 verbose stack     at emitTwo (events.js:106:13)
186 verbose stack     at ChildProcess.emit (events.js:191:7)
186 verbose stack     at maybeClose (internal/child_process.js:886:16)
186 verbose stack     at Process.ChildProcess._handle.onexit (internal/child_process.js:226:5)
187 verbose pkgid node-curl@0.3.3
188 verbose cwd /home/smtt/Desktop/React/react-recipeapp
189 error Linux 4.4.0-21-generic
190 error argv "/usr/bin/nodejs" "/usr/bin/npm" "install" "node-curl" "-save"
191 error node v6.10.1
192 error npm  v3.10.10
193 error file sh
194 error code ELIFECYCLE
195 error errno ENOENT
196 error syscall spawn
197 error node-curl@0.3.3 install: `sh src/generate_curl_options_list.sh && (node-gyp rebuild || node-waf configure build)`
197 error spawn ENOENT
198 error Failed at the node-curl@0.3.3 install script 'sh src/generate_curl_options_list.sh && (node-gyp rebuild || node-waf configure build)'.
198 error Make sure you have the latest version of node.js and npm installed.
198 error If you do, this is most likely a problem with the node-curl package,
198 error not with npm itself.
198 error Tell the author that this fails on your system:
198 error     sh src/generate_curl_options_list.sh && (node-gyp rebuild || node-waf configure build)
198 error You can get information on how to open an issue for this project with:
198 error     npm bugs node-curl
198 error Or if that isn't available, you can get their info via:
198 error     npm owner ls node-curl
198 error There is likely additional logging output above.
199 verbose exit [ 1, true ]
